<?xml version="1.0" encoding="UTF-8"?>
<!-- Generated by org.testng.reporters.JUnitReportReporter -->
<testsuite skipped="0" hostname="DESKTOP-2H134C0" name="com.qa.Ebay.products.ProductSearchTest" tests="1" failures="0" timestamp="28 Jan 2022 20:22:42 GMT" time="13.906" errors="0">
  <testcase name="productSearchTest" time="13.906" classname="com.qa.Ebay.products.ProductSearchTest"/>
</testsuite> <!-- com.qa.Ebay.products.ProductSearchTest -->
